<?xml version="1.0" encoding="UTF-8"?>
<testsuite name="com.esperanzachurch.be.ecformbe.application.service.JwtServiceTest" tests="4" skipped="0" failures="0" errors="0" timestamp="2023-08-03T15:31:53" hostname="DESKTOP-E26BODU" time="0.459">
  <properties/>
  <testcase name="loadUserByUsernameShouldThrowException()" classname="com.esperanzachurch.be.ecformbe.application.service.JwtServiceTest" time="0.332"/>
  <testcase name="loadUserByUsernameAndPasswordShouldReturnToken()" classname="com.esperanzachurch.be.ecformbe.application.service.JwtServiceTest" time="0.12"/>
  <testcase name="loadUserByUsernameAndPasswordShouldThrowException()" classname="com.esperanzachurch.be.ecformbe.application.service.JwtServiceTest" time="0.001"/>
  <testcase name="loadUserByUsernameShouldReturnToken()" classname="com.esperanzachurch.be.ecformbe.application.service.JwtServiceTest" time="0.003"/>
  <system-out><![CDATA[10:31:53.498 [Test worker] DEBUG org.springframework.test.util.ReflectionTestUtils - Setting field 'SECRET' of type [null] on target object [com.esperanzachurch.be.ecformbe.shared.util.JwtTokenUtil@4a8df3e2] or target class [class com.esperanzachurch.be.ecformbe.shared.util.JwtTokenUtil] to value [javatokenlocal]
10:31:53.518 [Test worker] DEBUG org.springframework.test.util.ReflectionTestUtils - Setting field 'SECRET' of type [null] on target object [com.esperanzachurch.be.ecformbe.shared.util.JwtTokenUtil@573284a5] or target class [class com.esperanzachurch.be.ecformbe.shared.util.JwtTokenUtil] to value [javatokenlocal]
10:31:53.638 [Test worker] DEBUG org.springframework.test.util.ReflectionTestUtils - Setting field 'SECRET' of type [null] on target object [com.esperanzachurch.be.ecformbe.shared.util.JwtTokenUtil@261ea657] or target class [class com.esperanzachurch.be.ecformbe.shared.util.JwtTokenUtil] to value [javatokenlocal]
10:31:53.640 [Test worker] DEBUG org.springframework.test.util.ReflectionTestUtils - Setting field 'SECRET' of type [null] on target object [com.esperanzachurch.be.ecformbe.shared.util.JwtTokenUtil@4ac86d6a] or target class [class com.esperanzachurch.be.ecformbe.shared.util.JwtTokenUtil] to value [javatokenlocal]
]]></system-out>
  <system-err><![CDATA[]]></system-err>
</testsuite>
